<?xml version="1.0" encoding="UTF-8"?>
<!-- Generated by org.testng.reporters.JUnitReportReporter -->
<testsuite hostname="Zulqernains-MacBook-Air.local" failures="0" tests="2" name="test.TestCase" time="22.061" errors="0" timestamp="2020-04-25T03:59:31 CEST" skipped="0">
  <testcase classname="test.TestCase" name="register" time="14.259"/>
  <testcase classname="test.TestCase" name="Login" time="7.802"/>
</testsuite> <!-- test.TestCase -->
